[debug] [2022-06-03T22:55:13.317Z] ----------------------------------------------------------------------
[debug] [2022-06-03T22:55:13.319Z] Command:       /usr/local/bin/node /usr/local/bin/firebase deploy --only hosting
[debug] [2022-06-03T22:55:13.319Z] CLI Version:   11.0.0
[debug] [2022-06-03T22:55:13.320Z] Platform:      darwin
[debug] [2022-06-03T22:55:13.320Z] Node Version:  v16.14.2
[debug] [2022-06-03T22:55:13.321Z] Time:          Fri Jun 03 2022 18:55:13 GMT-0400 (Eastern Daylight Time)
[debug] [2022-06-03T22:55:13.322Z] ----------------------------------------------------------------------
[debug] 
[debug] [2022-06-03T22:55:13.330Z] >>> [apiv2][query] GET https://firebase-public.firebaseio.com/cli.json [none]
[debug] [2022-06-03T22:55:13.417Z] > command requires scopes: ["email","openid","https://www.googleapis.com/auth/cloudplatformprojects.readonly","https://www.googleapis.com/auth/firebase","https://www.googleapis.com/auth/cloud-platform"]
[debug] [2022-06-03T22:55:13.418Z] > authorizing via signed-in user (shahcarltondev@gmail.com)
[debug] [2022-06-03T22:55:13.418Z] [iam] checking project feedbak-d1e27 for permissions ["firebase.projects.get","firebasehosting.sites.update"]
[debug] [2022-06-03T22:55:13.419Z] > refreshing access token with scopes: []
[debug] [2022-06-03T22:55:13.420Z] >>> HTTP REQUEST POST https://www.googleapis.com/oauth2/v3/token  
 <request body omitted>
[debug] [2022-06-03T22:55:13.566Z] <<< HTTP RESPONSE 200 {"cache-control":"no-cache, no-store, max-age=0, must-revalidate","expires":"Mon, 01 Jan 1990 00:00:00 GMT","pragma":"no-cache","date":"Fri, 03 Jun 2022 22:55:13 GMT","content-type":"application/json; charset=utf-8","vary":"X-Origin, Referer, Origin,Accept-Encoding","server":"scaffolding on HTTPServer2","x-xss-protection":"0","x-frame-options":"SAMEORIGIN","x-content-type-options":"nosniff","alt-svc":"h3=\":443\"; ma=2592000,h3-29=\":443\"; ma=2592000,h3-Q050=\":443\"; ma=2592000,h3-Q046=\":443\"; ma=2592000,h3-Q043=\":443\"; ma=2592000,quic=\":443\"; ma=2592000; v=\"46,43\"","accept-ranges":"none","transfer-encoding":"chunked"}
[debug] [2022-06-03T22:55:13.611Z] >>> [apiv2][query] POST https://cloudresourcemanager.googleapis.com/v1/projects/feedbak-d1e27:testIamPermissions [none]
[debug] [2022-06-03T22:55:13.613Z] >>> [apiv2][body] POST https://cloudresourcemanager.googleapis.com/v1/projects/feedbak-d1e27:testIamPermissions {"permissions":["firebase.projects.get","firebasehosting.sites.update"]}
[debug] [2022-06-03T22:55:13.625Z] <<< [apiv2][status] GET https://firebase-public.firebaseio.com/cli.json 200
[debug] [2022-06-03T22:55:13.626Z] <<< [apiv2][body] GET https://firebase-public.firebaseio.com/cli.json {"cloudBuildErrorAfter":1594252800000,"cloudBuildWarnAfter":1590019200000,"defaultNode10After":1594252800000,"minVersion":"3.0.5","node8DeploysDisabledAfter":1613390400000,"node8RuntimeDisabledAfter":1615809600000,"node8WarnAfter":1600128000000}
[debug] [2022-06-03T22:55:13.872Z] <<< [apiv2][status] POST https://cloudresourcemanager.googleapis.com/v1/projects/feedbak-d1e27:testIamPermissions 200
[debug] [2022-06-03T22:55:13.874Z] <<< [apiv2][body] POST https://cloudresourcemanager.googleapis.com/v1/projects/feedbak-d1e27:testIamPermissions {"permissions":["firebase.projects.get","firebasehosting.sites.update"]}
[debug] [2022-06-03T22:55:13.876Z] >>> [apiv2][query] GET https://firebase.googleapis.com/v1beta1/projects/feedbak-d1e27 [none]
[debug] [2022-06-03T22:55:14.151Z] <<< [apiv2][status] GET https://firebase.googleapis.com/v1beta1/projects/feedbak-d1e27 200
[debug] [2022-06-03T22:55:14.152Z] <<< [apiv2][body] GET https://firebase.googleapis.com/v1beta1/projects/feedbak-d1e27 {"projectId":"feedbak-d1e27","projectNumber":"624560296726","displayName":"feedbak","name":"projects/feedbak-d1e27","resources":{"hostingSite":"feedbak-d1e27"},"state":"ACTIVE"}
[info] 
[info] === Deploying to 'feedbak-d1e27'...
[info] 
[info] i  deploying hosting 
[debug] [2022-06-03T22:55:14.158Z] >>> [apiv2][query] GET https://firebase.googleapis.com/v1beta1/projects/feedbak-d1e27 [none]
[debug] [2022-06-03T22:55:14.342Z] <<< [apiv2][status] GET https://firebase.googleapis.com/v1beta1/projects/feedbak-d1e27 200
[debug] [2022-06-03T22:55:14.345Z] <<< [apiv2][body] GET https://firebase.googleapis.com/v1beta1/projects/feedbak-d1e27 {"projectId":"feedbak-d1e27","projectNumber":"624560296726","displayName":"feedbak","name":"projects/feedbak-d1e27","resources":{"hostingSite":"feedbak-d1e27"},"state":"ACTIVE"}
[debug] [2022-06-03T22:55:14.348Z] >>> [apiv2][query] POST https://firebasehosting.googleapis.com/v1beta1/projects/624560296726/sites/feedbak/versions [none]
[debug] [2022-06-03T22:55:14.348Z] >>> [apiv2][body] POST https://firebasehosting.googleapis.com/v1beta1/projects/624560296726/sites/feedbak/versions {"config":{"rewrites":[{"glob":"**","path":"/index.html"}]},"labels":{"deployment-tool":"cli-firebase"}}
